Grading at 11/13/2020:00:26:23.736058
For commit ID 2d98ca897366faa342fadbaebf78b53179a81d08
Grading at Thu Nov 12 19:26:23 EST 2020
Doing some basic sanity checking for your submission

Step 1
Checking that cyoa-step1 compiles
make: 'cyoa-step1' is up to date.
Testing ./cyoa-step1 story1/page1.txt 
Your file matched the expected output
Testing ./cyoa-step1 story1/page8.txt 
Your file matched the expected output
Testing ./cyoa-step1 story1/page11.txt 
Your file matched the expected output

Step 2
Checking that cyoa-step2 compiles
make: 'cyoa-step2' is up to date.
Testing ./cyoa-step2 story1 2\n1\n
Your file matched the expected output
Testing ./cyoa-step2 story1 1\n4\n1\n3\n
Your file matched the expected output

Step 3
Checking that cyoa-step3 compiles
make: 'cyoa-step3' is up to date.
Testing ./cyoa-step3 story1 
Line_1_did_not_match
Line_2_did_not_match
Line_3_did_not_match
Line_4_did_not_match
Line_5_did_not_match
Line_6_did_not_match
Line_7_did_not_match
Line_8_did_not_match
Line_9_did_not_match
Line_10_did_not_match
Your file did not match the expected ouput
Testing ./cyoa-step3 cycle 
Line_1_did_not_match
Line_2_did_not_match
Line_3_did_not_match
Line_4_did_not_match
Line_5_did_not_match
Line_6_did_not_match
Line_7_did_not_match
Line_8_did_not_match
Line_9_did_not_match
Your file did not match the expected ouput

Step 4
Checking that cyoa-step4 compiles
The code did not compile!

Step 1: PASSED
Step 2: PASSED
Step 3: FAILED
Step 4: FAILED

You have NOT passed the pregrader's test cases.
You should go back and debug the indicated step(s).

Overall Grade: NO GRADE YET
